2026-04-26 21:43:43,102 | __main__ | INFO | ======================================================================
2026-04-26 21:43:43,102 | __main__ | INFO | AGENTIC MUSIC RECOMMENDER - Starting
2026-04-26 21:43:43,102 | __main__ | INFO | ======================================================================
2026-04-26 21:43:43,102 | src.recommender | INFO | ✓ Loaded 18 songs from data/songs.csv
2026-04-26 21:43:43,103 | src.agent | INFO | PreferenceExtractor initialized with mode: rules
2026-04-26 21:43:43,103 | src.agent | INFO | ConversationManager initialized with mode: rules
2026-04-26 21:44:01,404 | src.agent | INFO | Turn 1: Starting extraction | Input: I want a song for working out...
2026-04-26 21:44:01,405 | src.agent | WARNING | Turn 1: Rules extraction failed | Error: No preferences could be extracted from the message
2026-04-26 21:44:01,406 | src.agent | INFO | Turn 1: Accumulated profile state: genre=None, mood=None, energy=None
2026-04-26 21:44:16,539 | __main__ | INFO | User reset conversation
2026-04-26 21:44:16,540 | src.agent | INFO | PreferenceExtractor initialized with mode: rules
2026-04-26 21:44:16,541 | src.agent | INFO | ConversationManager initialized with mode: rules
2026-04-26 21:44:19,828 | src.agent | INFO | Turn 1: Starting extraction | Input: I want upbeat...
2026-04-26 21:44:19,829 | src.agent | WARNING | Turn 1: Rules extraction failed | Error: No preferences could be extracted from the message
2026-04-26 21:44:19,829 | src.agent | INFO | Turn 1: Accumulated profile state: genre=None, mood=None, energy=None
2026-04-26 21:44:53,314 | __main__ | INFO | User requested recommendations to be generated
2026-04-26 21:44:53,315 | __main__ | INFO | Final inferred profile: {'genre': 'pop', 'mood': 'happy', 'energy': 0.5, 'likes_acoustic': False} | Confidence: {'genre_confidence': 0.0, 'mood_confidence': 0.0, 'energy_confidence': 0.0, 'acoustic_confidence': 0.0}
2026-04-26 21:44:53,316 | src.recommender | INFO | Generated 5 recommendations using preferences: {'genre': 'pop', 'mood': 'happy', 'energy': 0.5, 'likes_acoustic': False}
2026-04-26 21:44:53,316 | __main__ | INFO | AGENTIC MUSIC RECOMMENDER - Complete
2026-04-26 21:45:19,323 | __main__ | INFO | ======================================================================
2026-04-26 21:45:19,323 | __main__ | INFO | AGENTIC MUSIC RECOMMENDER - Starting
2026-04-26 21:45:19,323 | __main__ | INFO | ======================================================================
2026-04-26 21:45:19,323 | src.recommender | INFO | ✓ Loaded 18 songs from data/songs.csv
2026-04-26 21:45:19,323 | src.agent | INFO | PreferenceExtractor initialized with mode: rules
2026-04-26 21:45:19,323 | src.agent | INFO | ConversationManager initialized with mode: rules
2026-04-26 21:45:21,815 | src.agent | INFO | Turn 1: Starting extraction | Input: i want upbeat...
2026-04-26 21:45:21,816 | src.agent | INFO | Turn 1: Rules extraction successful | Fields: ['mood', 'energy']
2026-04-26 21:45:21,816 | src.agent | INFO | Turn 1: Accumulated profile state: genre=None, mood=happy, energy=0.75
2026-04-26 21:45:27,418 | src.agent | INFO | Turn 2: Starting extraction | Input: i want music for the gym...
2026-04-26 21:45:27,419 | src.agent | WARNING | Turn 2: Rules extraction failed | Error: No preferences could be extracted from the message
2026-04-26 21:45:27,419 | src.agent | INFO | Turn 2: Accumulated profile state: genre=None, mood=happy, energy=0.75
2026-04-26 21:46:34,481 | __main__ | INFO | User requested recommendations to be generated
2026-04-26 21:46:34,483 | __main__ | INFO | Final inferred profile: {'genre': 'pop', 'mood': 'happy', 'energy': 0.75, 'likes_acoustic': False} | Confidence: {'genre_confidence': 0.0, 'mood_confidence': 0.75, 'energy_confidence': 0.75, 'acoustic_confidence': 0.0}
2026-04-26 21:46:34,484 | src.recommender | INFO | Generated 5 recommendations using preferences: {'genre': 'pop', 'mood': 'happy', 'energy': 0.75, 'likes_acoustic': False}
2026-04-26 21:46:34,485 | __main__ | INFO | AGENTIC MUSIC RECOMMENDER - Complete
2026-04-26 21:46:37,019 | __main__ | INFO | ======================================================================
2026-04-26 21:46:37,019 | __main__ | INFO | AGENTIC MUSIC RECOMMENDER - Starting
2026-04-26 21:46:37,019 | __main__ | INFO | ======================================================================
2026-04-26 21:46:37,019 | src.recommender | INFO | ✓ Loaded 18 songs from data/songs.csv
2026-04-26 21:46:37,019 | src.agent | INFO | PreferenceExtractor initialized with mode: rules
2026-04-26 21:46:37,019 | src.agent | INFO | ConversationManager initialized with mode: rules
2026-04-26 21:46:42,091 | src.agent | INFO | Turn 1: Starting extraction | Input: i want music to workout...
2026-04-26 21:46:42,093 | src.agent | INFO | Turn 1: Rules extraction successful | Fields: ['mood', 'energy']
2026-04-26 21:46:42,094 | src.agent | INFO | Turn 1: Accumulated profile state: genre=None, mood=intense, energy=0.9
2026-04-26 21:46:47,456 | src.agent | INFO | Turn 2: Starting extraction | Input: im feeling sad...
2026-04-26 21:46:47,456 | src.agent | WARNING | Turn 2: Rules extraction failed | Error: No preferences could be extracted from the message
2026-04-26 21:46:47,457 | src.agent | INFO | Turn 2: Accumulated profile state: genre=None, mood=intense, energy=0.9
2026-04-26 21:55:48,999 | __main__ | INFO | User requested recommendations to be generated
2026-04-26 21:55:49,001 | __main__ | INFO | Final inferred profile: {'genre': 'pop', 'mood': 'intense', 'energy': 0.9, 'likes_acoustic': False} | Confidence: {'genre_confidence': 0.0, 'mood_confidence': 0.75, 'energy_confidence': 0.8, 'acoustic_confidence': 0.0}
2026-04-26 21:55:49,001 | src.recommender | INFO | Generated 5 recommendations using preferences: {'genre': 'pop', 'mood': 'intense', 'energy': 0.9, 'likes_acoustic': False}
2026-04-26 21:55:49,002 | __main__ | INFO | AGENTIC MUSIC RECOMMENDER - Complete
2026-04-26 21:55:50,801 | __main__ | INFO | ======================================================================
2026-04-26 21:55:50,802 | __main__ | INFO | AGENTIC MUSIC RECOMMENDER - Starting
2026-04-26 21:55:50,802 | __main__ | INFO | ======================================================================
2026-04-26 21:55:50,802 | src.recommender | INFO | ✓ Loaded 18 songs from data/songs.csv
2026-04-26 21:55:50,802 | src.agent | INFO | PreferenceExtractor initialized with mode: rules
2026-04-26 21:55:50,802 | src.agent | INFO | ConversationManager initialized with mode: rules
2026-04-26 21:55:56,075 | src.agent | INFO | Turn 1: Starting extraction | Input: I am going for a drive...
2026-04-26 21:55:56,076 | src.agent | INFO | Turn 1: Rules extraction successful | Fields: ['mood', 'energy', 'likes_acoustic']
2026-04-26 21:55:56,077 | src.agent | INFO | Turn 1: Accumulated profile state: genre=None, mood=moody, energy=0.6
2026-04-26 21:55:56,077 | __main__ | INFO | Auto-stopping conversation: confidence threshold reached
2026-04-26 21:55:56,077 | __main__ | INFO | Final inferred profile: {'genre': 'pop', 'mood': 'moody', 'energy': 0.6, 'likes_acoustic': False} | Confidence: {'genre_confidence': 0.0, 'mood_confidence': 0.8, 'energy_confidence': 0.8, 'acoustic_confidence': 0.8}
2026-04-26 21:55:56,077 | src.recommender | INFO | Generated 5 recommendations using preferences: {'genre': 'pop', 'mood': 'moody', 'energy': 0.6, 'likes_acoustic': False}
2026-04-26 21:55:56,077 | __main__ | INFO | AGENTIC MUSIC RECOMMENDER - Complete
2026-04-26 21:56:51,841 | __main__ | INFO | ======================================================================
2026-04-26 21:56:51,841 | __main__ | INFO | AGENTIC MUSIC RECOMMENDER - Starting
2026-04-26 21:56:51,841 | __main__ | INFO | ======================================================================
2026-04-26 21:56:51,842 | src.recommender | INFO | ✓ Loaded 18 songs from data/songs.csv
2026-04-26 21:56:51,842 | src.agent | INFO | PreferenceExtractor initialized with mode: rules
2026-04-26 21:56:51,842 | src.agent | INFO | ConversationManager initialized with mode: rules
2026-04-26 21:56:54,260 | src.agent | INFO | Turn 1: Starting extraction | Input: gym...
2026-04-26 21:56:54,261 | src.agent | INFO | Turn 1: Rules extraction successful | Fields: ['mood', 'energy', 'likes_acoustic']
2026-04-26 21:56:54,261 | src.agent | INFO | Turn 1: Accumulated profile state: genre=None, mood=intense, energy=0.9
2026-04-26 21:56:54,261 | __main__ | INFO | Auto-stopping conversation: confidence threshold reached
2026-04-26 21:56:54,261 | __main__ | INFO | Final inferred profile: {'genre': 'pop', 'mood': 'intense', 'energy': 0.9, 'likes_acoustic': False} | Confidence: {'genre_confidence': 0.0, 'mood_confidence': 0.8, 'energy_confidence': 0.8, 'acoustic_confidence': 0.8}
2026-04-26 21:56:54,262 | src.recommender | INFO | Generated 5 recommendations using preferences: {'genre': 'pop', 'mood': 'intense', 'energy': 0.9, 'likes_acoustic': False}
2026-04-26 21:56:54,262 | __main__ | INFO | AGENTIC MUSIC RECOMMENDER - Complete
2026-04-26 21:57:08,763 | __main__ | INFO | ======================================================================
2026-04-26 21:57:08,763 | __main__ | INFO | AGENTIC MUSIC RECOMMENDER - Starting
2026-04-26 21:57:08,763 | __main__ | INFO | ======================================================================
2026-04-26 21:57:08,764 | src.recommender | INFO | ✓ Loaded 18 songs from data/songs.csv
2026-04-26 21:57:08,764 | src.agent | INFO | PreferenceExtractor initialized with mode: rules
2026-04-26 21:57:08,764 | src.agent | INFO | ConversationManager initialized with mode: rules
2026-04-26 21:57:18,425 | src.agent | INFO | Turn 1: Starting extraction | Input: I ready to relax and study...
2026-04-26 21:57:18,426 | src.agent | INFO | Turn 1: Rules extraction successful | Fields: ['mood', 'energy', 'likes_acoustic']
2026-04-26 21:57:18,427 | src.agent | INFO | Turn 1: Accumulated profile state: genre=None, mood=focused, energy=0.4
2026-04-26 21:57:18,427 | __main__ | INFO | Auto-stopping conversation: confidence threshold reached
2026-04-26 21:57:18,427 | __main__ | INFO | Final inferred profile: {'genre': 'pop', 'mood': 'focused', 'energy': 0.4, 'likes_acoustic': True} | Confidence: {'genre_confidence': 0.0, 'mood_confidence': 0.8, 'energy_confidence': 0.8, 'acoustic_confidence': 0.8}
2026-04-26 21:57:18,427 | src.recommender | INFO | Generated 5 recommendations using preferences: {'genre': 'pop', 'mood': 'focused', 'energy': 0.4, 'likes_acoustic': True}
2026-04-26 21:57:18,427 | __main__ | INFO | AGENTIC MUSIC RECOMMENDER - Complete
2026-04-26 22:00:34,323 | __main__ | INFO | ======================================================================
2026-04-26 22:00:34,323 | __main__ | INFO | AGENTIC MUSIC RECOMMENDER - Starting
2026-04-26 22:00:34,323 | __main__ | INFO | ======================================================================
2026-04-26 22:00:34,323 | src.recommender | INFO | ✓ Loaded 18 songs from data/songs.csv
2026-04-26 22:00:34,323 | src.agent | INFO | PreferenceExtractor initialized with mode: rules
2026-04-26 22:00:34,323 | src.agent | INFO | ConversationManager initialized with mode: rules
2026-04-26 22:00:37,828 | src.agent | INFO | Turn 1: Starting extraction | Input: im ready to study...
2026-04-26 22:00:37,829 | src.agent | INFO | Turn 1: Rules extraction successful | Fields: ['mood', 'energy', 'likes_acoustic']
2026-04-26 22:00:37,829 | src.agent | INFO | Turn 1: Accumulated profile state: genre=None, mood=focused, energy=0.4
2026-04-26 22:00:37,829 | __main__ | INFO | Auto-stopping conversation: confidence threshold reached
2026-04-26 22:00:37,829 | __main__ | INFO | Final inferred profile: {'genre': 'pop', 'mood': 'focused', 'energy': 0.4, 'likes_acoustic': True} | Confidence: {'genre_confidence': 0.0, 'mood_confidence': 0.8, 'energy_confidence': 0.8, 'acoustic_confidence': 0.8}
2026-04-26 22:00:37,830 | src.recommender | INFO | Generated 5 recommendations using preferences: {'genre': 'pop', 'mood': 'focused', 'energy': 0.4, 'likes_acoustic': True}
2026-04-26 22:00:37,830 | __main__ | INFO | AGENTIC MUSIC RECOMMENDER - Complete
2026-04-26 22:00:50,719 | __main__ | INFO | ======================================================================
2026-04-26 22:00:50,720 | __main__ | INFO | AGENTIC MUSIC RECOMMENDER - Starting
2026-04-26 22:00:50,720 | __main__ | INFO | ======================================================================
2026-04-26 22:00:50,720 | src.recommender | INFO | ✓ Loaded 18 songs from data/songs.csv
2026-04-26 22:00:50,720 | src.agent | INFO | PreferenceExtractor initialized with mode: rules
2026-04-26 22:00:50,720 | src.agent | INFO | ConversationManager initialized with mode: rules
2026-04-26 22:01:00,473 | src.agent | INFO | Turn 1: Starting extraction | Input: im on my way home from work i need something chill...
2026-04-26 22:01:00,474 | src.agent | INFO | Turn 1: Rules extraction successful | Fields: ['mood', 'energy', 'likes_acoustic']
2026-04-26 22:01:00,474 | src.agent | INFO | Turn 1: Accumulated profile state: genre=None, mood=chill, energy=0.3
2026-04-26 22:01:00,474 | __main__ | INFO | Auto-stopping conversation: confidence threshold reached
2026-04-26 22:01:00,474 | __main__ | INFO | Final inferred profile: {'genre': 'pop', 'mood': 'chill', 'energy': 0.3, 'likes_acoustic': True} | Confidence: {'genre_confidence': 0.0, 'mood_confidence': 0.85, 'energy_confidence': 0.8, 'acoustic_confidence': 0.8}
2026-04-26 22:01:00,475 | src.recommender | INFO | Generated 5 recommendations using preferences: {'genre': 'pop', 'mood': 'chill', 'energy': 0.3, 'likes_acoustic': True}
2026-04-26 22:01:00,475 | __main__ | INFO | AGENTIC MUSIC RECOMMENDER - Complete
2026-04-26 22:01:11,419 | __main__ | INFO | ======================================================================
2026-04-26 22:01:11,419 | __main__ | INFO | AGENTIC MUSIC RECOMMENDER - Starting
2026-04-26 22:01:11,419 | __main__ | INFO | ======================================================================
2026-04-26 22:01:11,419 | src.recommender | INFO | ✓ Loaded 18 songs from data/songs.csv
2026-04-26 22:01:11,419 | src.agent | INFO | PreferenceExtractor initialized with mode: rules
2026-04-26 22:01:11,419 | src.agent | INFO | ConversationManager initialized with mode: rules
2026-04-26 22:01:25,612 | src.agent | INFO | Turn 1: Starting extraction | Input: im getting ready for my game later i need to wake up...
2026-04-26 22:01:25,612 | src.agent | WARNING | Turn 1: Rules extraction failed | Error: No preferences could be extracted from the message
2026-04-26 22:01:25,613 | src.agent | INFO | Turn 1: Accumulated profile state: genre=None, mood=None, energy=None
2026-04-26 22:01:36,436 | src.agent | INFO | Turn 2: Starting extraction | Input: im getting ready to play my sport later...
2026-04-26 22:01:36,438 | src.agent | WARNING | Turn 2: Rules extraction failed | Error: No preferences could be extracted from the message
2026-04-26 22:01:36,438 | src.agent | INFO | Turn 2: Accumulated profile state: genre=None, mood=None, energy=None
2026-04-26 22:01:41,990 | src.agent | INFO | Turn 3: Starting extraction | Input: im getting ready to go to the gym soon...
2026-04-26 22:01:41,990 | src.agent | INFO | Turn 3: Rules extraction successful | Fields: ['mood', 'energy', 'likes_acoustic']
2026-04-26 22:01:41,991 | src.agent | INFO | Turn 3: Accumulated profile state: genre=None, mood=intense, energy=0.9
2026-04-26 22:01:41,991 | __main__ | INFO | Auto-stopping conversation: confidence threshold reached
2026-04-26 22:01:41,991 | __main__ | INFO | Final inferred profile: {'genre': 'pop', 'mood': 'intense', 'energy': 0.9, 'likes_acoustic': False} | Confidence: {'genre_confidence': 0.0, 'mood_confidence': 0.8, 'energy_confidence': 0.8, 'acoustic_confidence': 0.8}
2026-04-26 22:01:41,991 | src.recommender | INFO | Generated 5 recommendations using preferences: {'genre': 'pop', 'mood': 'intense', 'energy': 0.9, 'likes_acoustic': False}
2026-04-26 22:01:41,991 | __main__ | INFO | AGENTIC MUSIC RECOMMENDER - Complete
2026-04-26 22:02:13,921 | __main__ | INFO | ======================================================================
2026-04-26 22:02:13,921 | __main__ | INFO | AGENTIC MUSIC RECOMMENDER - Starting
2026-04-26 22:02:13,921 | __main__ | INFO | ======================================================================
2026-04-26 22:02:13,921 | src.recommender | INFO | ✓ Loaded 18 songs from data/songs.csv
2026-04-26 22:02:13,921 | src.agent | INFO | PreferenceExtractor initialized with mode: rules
2026-04-26 22:02:13,921 | src.agent | INFO | ConversationManager initialized with mode: rules
2026-04-26 22:02:26,213 | src.agent | INFO | Turn 1: Starting extraction | Input: I need some low tempo music to help me get some work done...
2026-04-26 22:02:26,216 | src.agent | INFO | Turn 1: Rules extraction successful | Fields: ['energy']
2026-04-26 22:02:26,216 | src.agent | INFO | Turn 1: Accumulated profile state: genre=None, mood=None, energy=0.2
2026-04-26 22:02:56,366 | src.agent | INFO | Turn 2: Starting extraction | Input: reccomend me some songs based off of my energy...
2026-04-26 22:02:56,368 | src.agent | WARNING | Turn 2: Rules extraction failed | Error: No preferences could be extracted from the message
2026-04-26 22:02:56,368 | src.agent | INFO | Turn 2: Accumulated profile state: genre=None, mood=None, energy=0.2
2026-04-26 22:03:07,638 | src.agent | INFO | Turn 3: Starting extraction | Input: now give me some songs to study...
2026-04-26 22:03:07,639 | src.agent | INFO | Turn 3: Rules extraction successful | Fields: ['mood', 'energy', 'likes_acoustic']
2026-04-26 22:03:07,640 | src.agent | INFO | Turn 3: Accumulated profile state: genre=None, mood=focused, energy=0.4
2026-04-26 22:03:07,640 | __main__ | INFO | Auto-stopping conversation: confidence threshold reached
2026-04-26 22:03:07,640 | __main__ | INFO | Final inferred profile: {'genre': 'pop', 'mood': 'focused', 'energy': 0.4, 'likes_acoustic': True} | Confidence: {'genre_confidence': 0.0, 'mood_confidence': 0.8, 'energy_confidence': 0.8, 'acoustic_confidence': 0.8}
2026-04-26 22:03:07,640 | src.recommender | INFO | Generated 5 recommendations using preferences: {'genre': 'pop', 'mood': 'focused', 'energy': 0.4, 'likes_acoustic': True}
2026-04-26 22:03:07,640 | __main__ | INFO | AGENTIC MUSIC RECOMMENDER - Complete
2026-04-26 22:03:44,293 | __main__ | INFO | ======================================================================
2026-04-26 22:03:44,293 | __main__ | INFO | AGENTIC MUSIC RECOMMENDER - Starting
2026-04-26 22:03:44,293 | __main__ | INFO | ======================================================================
2026-04-26 22:03:44,293 | src.recommender | INFO | ✓ Loaded 18 songs from data/songs.csv
2026-04-26 22:03:44,293 | src.agent | INFO | PreferenceExtractor initialized with mode: rules
2026-04-26 22:03:44,293 | src.agent | INFO | ConversationManager initialized with mode: rules
2026-04-26 22:03:51,189 | src.agent | INFO | Turn 1: Starting extraction | Input: im getting ready for the gym...
2026-04-26 22:03:51,190 | src.agent | INFO | Turn 1: Rules extraction successful | Fields: ['mood', 'energy', 'likes_acoustic']
2026-04-26 22:03:51,190 | src.agent | INFO | Turn 1: Accumulated profile state: genre=None, mood=intense, energy=0.9
2026-04-26 22:03:51,190 | __main__ | INFO | Auto-stopping conversation: confidence threshold reached
2026-04-26 22:03:51,190 | __main__ | INFO | Final inferred profile: {'genre': 'pop', 'mood': 'intense', 'energy': 0.9, 'likes_acoustic': False} | Confidence: {'genre_confidence': 0.0, 'mood_confidence': 0.8, 'energy_confidence': 0.8, 'acoustic_confidence': 0.8}
2026-04-26 22:03:51,191 | src.recommender | INFO | Generated 5 recommendations using preferences: {'genre': 'pop', 'mood': 'intense', 'energy': 0.9, 'likes_acoustic': False}
2026-04-26 22:03:51,191 | __main__ | INFO | AGENTIC MUSIC RECOMMENDER - Complete
2026-04-26 22:04:00,550 | __main__ | INFO | ======================================================================
2026-04-26 22:04:00,550 | __main__ | INFO | AGENTIC MUSIC RECOMMENDER - Starting
2026-04-26 22:04:00,550 | __main__ | INFO | ======================================================================
2026-04-26 22:04:00,550 | src.recommender | INFO | ✓ Loaded 18 songs from data/songs.csv
2026-04-26 22:04:00,550 | src.agent | INFO | PreferenceExtractor initialized with mode: rules
2026-04-26 22:04:00,550 | src.agent | INFO | ConversationManager initialized with mode: rules
2026-04-26 22:04:03,703 | src.agent | INFO | Turn 1: Starting extraction | Input: im about to go to the gym...
2026-04-26 22:04:03,704 | src.agent | INFO | Turn 1: Rules extraction successful | Fields: ['mood', 'energy', 'likes_acoustic']
2026-04-26 22:04:03,705 | src.agent | INFO | Turn 1: Accumulated profile state: genre=None, mood=intense, energy=0.9
2026-04-26 22:04:03,705 | __main__ | INFO | Auto-stopping conversation: confidence threshold reached
2026-04-26 22:04:03,705 | __main__ | INFO | Final inferred profile: {'genre': 'pop', 'mood': 'intense', 'energy': 0.9, 'likes_acoustic': False} | Confidence: {'genre_confidence': 0.0, 'mood_confidence': 0.8, 'energy_confidence': 0.8, 'acoustic_confidence': 0.8}
2026-04-26 22:04:03,705 | src.recommender | INFO | Generated 5 recommendations using preferences: {'genre': 'pop', 'mood': 'intense', 'energy': 0.9, 'likes_acoustic': False}
2026-04-26 22:04:03,706 | __main__ | INFO | AGENTIC MUSIC RECOMMENDER - Complete
2026-04-26 22:04:29,592 | __main__ | INFO | ======================================================================
2026-04-26 22:04:29,592 | __main__ | INFO | AGENTIC MUSIC RECOMMENDER - Starting
2026-04-26 22:04:29,592 | __main__ | INFO | ======================================================================
2026-04-26 22:04:29,592 | src.recommender | INFO | ✓ Loaded 18 songs from data/songs.csv
2026-04-26 22:04:29,592 | src.agent | INFO | PreferenceExtractor initialized with mode: rules
2026-04-26 22:04:29,592 | src.agent | INFO | ConversationManager initialized with mode: rules
2026-04-26 22:04:34,142 | src.agent | INFO | Turn 1: Starting extraction | Input: im going to the gym...
2026-04-26 22:04:34,143 | src.agent | INFO | Turn 1: Rules extraction successful | Fields: ['mood', 'energy', 'likes_acoustic']
2026-04-26 22:04:34,143 | src.agent | INFO | Turn 1: Accumulated profile state: genre=None, mood=intense, energy=0.9
2026-04-26 22:04:34,143 | __main__ | INFO | Auto-stopping conversation: confidence threshold reached
2026-04-26 22:04:34,143 | __main__ | INFO | Final inferred profile: {'genre': 'pop', 'mood': 'intense', 'energy': 0.9, 'likes_acoustic': False} | Confidence: {'genre_confidence': 0.0, 'mood_confidence': 0.8, 'energy_confidence': 0.8, 'acoustic_confidence': 0.8}
2026-04-26 22:04:34,144 | src.recommender | INFO | Generated 5 recommendations using preferences: {'genre': 'pop', 'mood': 'intense', 'energy': 0.9, 'likes_acoustic': False}
2026-04-26 22:04:34,144 | __main__ | INFO | AGENTIC MUSIC RECOMMENDER - Complete
2026-04-26 22:10:55,891 | __main__ | INFO | ======================================================================
2026-04-26 22:10:55,891 | __main__ | INFO | AGENTIC MUSIC RECOMMENDER - Starting
2026-04-26 22:10:55,891 | __main__ | INFO | ======================================================================
2026-04-26 22:10:55,891 | src.recommender | INFO | ✓ Loaded 18 songs from data/songs.csv
2026-04-26 22:10:55,892 | src.agent | INFO | PreferenceExtractor initialized with mode: rules
2026-04-26 22:10:55,892 | src.agent | INFO | ConversationManager initialized with mode: rules
2026-04-26 22:11:02,130 | src.agent | INFO | Turn 1: Starting extraction | Input: im about to study and need some slow pace music...
2026-04-26 22:11:02,132 | src.agent | INFO | Turn 1: Rules extraction successful | Fields: ['mood', 'energy', 'likes_acoustic']
2026-04-26 22:11:02,132 | src.agent | INFO | Turn 1: Accumulated profile state: genre=None, mood=focused, energy=0.2
2026-04-26 22:11:02,132 | __main__ | INFO | Auto-stopping conversation: confidence threshold reached
2026-04-26 22:11:02,132 | __main__ | INFO | Final inferred profile: {'genre': 'pop', 'mood': 'focused', 'energy': 0.2, 'likes_acoustic': True} | Confidence: {'genre_confidence': 0.0, 'mood_confidence': 0.8, 'energy_confidence': 0.8, 'acoustic_confidence': 0.8}
2026-04-26 22:11:02,133 | src.recommender | INFO | Generated 5 recommendations using preferences: {'genre': 'pop', 'mood': 'focused', 'energy': 0.2, 'likes_acoustic': True}
2026-04-26 22:11:02,133 | __main__ | INFO | AGENTIC MUSIC RECOMMENDER - Complete
2026-04-26 22:41:34,107 | __main__ | INFO | ======================================================================
2026-04-26 22:41:34,107 | __main__ | INFO | AGENTIC MUSIC RECOMMENDER - Starting
2026-04-26 22:41:34,107 | __main__ | INFO | ======================================================================
2026-04-26 22:41:34,108 | src.recommender | INFO | ✓ Loaded 18 songs from data/songs.csv
2026-04-26 22:41:34,108 | src.agent | INFO | PreferenceExtractor initialized with mode: rules
2026-04-26 22:41:34,108 | src.agent | INFO | ConversationManager initialized with mode: rules
2026-04-26 22:41:52,978 | src.agent | INFO | Turn 1: Starting extraction | Input: i need music for the gym...
2026-04-26 22:41:52,980 | src.agent | INFO | Turn 1: Rules extraction successful | Fields: ['mood', 'energy', 'likes_acoustic']
2026-04-26 22:41:52,980 | src.agent | INFO | Turn 1: Accumulated profile state: genre=None, mood=intense, energy=0.9
2026-04-26 22:41:52,981 | __main__ | INFO | Confidence threshold reached; waiting for explicit user finish command
2026-04-26 22:42:02,502 | __main__ | INFO | User requested recommendations to be generated
2026-04-26 22:42:02,503 | __main__ | INFO | Final inferred profile: {'genre': 'pop', 'mood': 'intense', 'energy': 0.9, 'likes_acoustic': False} | Confidence: {'genre_confidence': 0.0, 'mood_confidence': 0.8, 'energy_confidence': 0.8, 'acoustic_confidence': 0.8}
2026-04-26 22:42:02,504 | src.recommender | INFO | Generated 5 recommendations using preferences: {'genre': 'pop', 'mood': 'intense', 'energy': 0.9, 'likes_acoustic': False}
2026-04-26 22:42:02,504 | __main__ | INFO | AGENTIC MUSIC RECOMMENDER - Complete
2026-04-26 22:45:47,539 | __main__ | INFO | ======================================================================
2026-04-26 22:45:47,539 | __main__ | INFO | AGENTIC MUSIC RECOMMENDER - Starting
2026-04-26 22:45:47,539 | __main__ | INFO | ======================================================================
2026-04-26 22:45:47,540 | src.recommender | INFO | ✓ Loaded 18 songs from data/songs.csv
2026-04-26 22:45:47,540 | src.agent | INFO | PreferenceExtractor initialized with mode: rules
2026-04-26 22:45:47,540 | src.agent | INFO | ConversationManager initialized with mode: rules
2026-04-26 22:45:58,745 | src.agent | INFO | Turn 1: Starting extraction | Input: i need music for the gym...
2026-04-26 22:45:58,748 | src.agent | INFO | Turn 1: Rules extraction successful | Fields: ['mood', 'energy', 'likes_acoustic']
2026-04-26 22:45:58,748 | src.agent | INFO | Turn 1: Accumulated profile state: genre=None, mood=intense, energy=0.9
2026-04-26 22:45:58,748 | __main__ | INFO | Confidence threshold reached; waiting for explicit user finish command
2026-04-26 22:46:24,696 | __main__ | INFO | User requested recommendations to be generated
2026-04-26 22:46:24,698 | __main__ | INFO | Final inferred profile: {'genre': 'pop', 'mood': 'intense', 'energy': 0.9, 'likes_acoustic': False} | Confidence: {'genre_confidence': 0.0, 'mood_confidence': 0.8, 'energy_confidence': 0.8, 'acoustic_confidence': 0.8}
2026-04-26 22:46:24,698 | src.recommender | INFO | Generated 5 recommendations using preferences: {'genre': 'pop', 'mood': 'intense', 'energy': 0.9, 'likes_acoustic': False}
2026-04-26 22:46:24,698 | __main__ | INFO | AGENTIC MUSIC RECOMMENDER - Complete
2026-04-26 22:48:37,162 | __main__ | INFO | ======================================================================
2026-04-26 22:48:37,162 | __main__ | INFO | AGENTIC MUSIC RECOMMENDER - Starting
2026-04-26 22:48:37,162 | __main__ | INFO | ======================================================================
2026-04-26 22:48:37,163 | src.recommender | INFO | ✓ Loaded 18 songs from data/songs.csv
2026-04-26 22:48:37,163 | src.agent | INFO | PreferenceExtractor initialized with mode: rules
2026-04-26 22:48:37,163 | src.agent | INFO | ConversationManager initialized with mode: rules
2026-04-26 22:48:41,615 | src.agent | INFO | Turn 1: Starting extraction | Input: idk just music...
2026-04-26 22:48:41,616 | src.agent | WARNING | Turn 1: Rules extraction failed | Error: No preferences could be extracted from the message
2026-04-26 22:48:41,616 | src.agent | INFO | Turn 1: Accumulated profile state: genre=None, mood=None, energy=None
2026-04-26 22:59:45,224 | __main__ | INFO | User requested recommendations to be generated
2026-04-26 22:59:45,230 | __main__ | INFO | Final inferred profile: {'genre': 'pop', 'mood': 'happy', 'energy': 0.5, 'likes_acoustic': False} | Confidence: {'genre_confidence': 0.0, 'mood_confidence': 0.0, 'energy_confidence': 0.0, 'acoustic_confidence': 0.0}
2026-04-26 22:59:45,231 | src.recommender | INFO | Generated 5 recommendations using preferences: {'genre': 'pop', 'mood': 'happy', 'energy': 0.5, 'likes_acoustic': False}
2026-04-26 22:59:45,231 | __main__ | INFO | AGENTIC MUSIC RECOMMENDER - Complete
2026-04-26 23:00:56,809 | __main__ | INFO | ======================================================================
2026-04-26 23:00:56,810 | __main__ | INFO | AGENTIC MUSIC RECOMMENDER - Starting
2026-04-26 23:00:56,810 | __main__ | INFO | ======================================================================
2026-04-26 23:00:56,810 | src.recommender | INFO | ✓ Loaded 18 songs from data/songs.csv
2026-04-26 23:00:56,810 | src.agent | INFO | PreferenceExtractor initialized with mode: rules
2026-04-26 23:00:56,810 | src.agent | INFO | ConversationManager initialized with mode: rules
2026-04-26 23:01:14,409 | src.agent | INFO | Turn 1: Starting extraction | Input: i need music for the gym...
2026-04-26 23:01:14,410 | src.agent | INFO | Turn 1: Rules extraction successful | Fields: ['mood', 'energy', 'likes_acoustic']
2026-04-26 23:01:14,411 | src.agent | INFO | Turn 1: Accumulated profile state: genre=None, mood=intense, energy=0.9
2026-04-26 23:01:14,411 | __main__ | INFO | Confidence threshold reached; waiting for explicit user finish command
2026-04-26 23:01:36,460 | __main__ | INFO | User requested recommendations to be generated
2026-04-26 23:01:36,460 | __main__ | INFO | Final inferred profile: {'genre': 'pop', 'mood': 'intense', 'energy': 0.9, 'likes_acoustic': False} | Confidence: {'genre_confidence': 0.0, 'mood_confidence': 0.8, 'energy_confidence': 0.8, 'acoustic_confidence': 0.8}
2026-04-26 23:01:36,461 | src.recommender | INFO | Generated 5 recommendations using preferences: {'genre': 'pop', 'mood': 'intense', 'energy': 0.9, 'likes_acoustic': False}
2026-04-26 23:01:36,461 | __main__ | INFO | AGENTIC MUSIC RECOMMENDER - Complete
2026-04-26 23:02:04,245 | __main__ | INFO | ======================================================================
2026-04-26 23:02:04,245 | __main__ | INFO | AGENTIC MUSIC RECOMMENDER - Starting
2026-04-26 23:02:04,245 | __main__ | INFO | ======================================================================
2026-04-26 23:02:04,246 | src.recommender | INFO | ✓ Loaded 18 songs from data/songs.csv
2026-04-26 23:02:04,246 | src.agent | INFO | PreferenceExtractor initialized with mode: rules
2026-04-26 23:02:04,246 | src.agent | INFO | ConversationManager initialized with mode: rules
2026-04-26 23:02:14,511 | src.agent | INFO | Turn 1: Starting extraction | Input: something chill for studying...
2026-04-26 23:02:14,514 | src.agent | INFO | Turn 1: Rules extraction successful | Fields: ['mood', 'energy', 'likes_acoustic']
2026-04-26 23:02:14,514 | src.agent | INFO | Turn 1: Accumulated profile state: genre=None, mood=chill, energy=0.3
2026-04-26 23:02:14,514 | __main__ | INFO | Confidence threshold reached; waiting for explicit user finish command
2026-04-26 23:02:29,021 | __main__ | INFO | User requested recommendations to be generated
2026-04-26 23:02:29,023 | __main__ | INFO | Final inferred profile: {'genre': 'pop', 'mood': 'chill', 'energy': 0.3, 'likes_acoustic': True} | Confidence: {'genre_confidence': 0.0, 'mood_confidence': 0.85, 'energy_confidence': 0.8, 'acoustic_confidence': 0.8}
2026-04-26 23:02:29,023 | src.recommender | INFO | Generated 5 recommendations using preferences: {'genre': 'pop', 'mood': 'chill', 'energy': 0.3, 'likes_acoustic': True}
2026-04-26 23:02:29,024 | __main__ | INFO | AGENTIC MUSIC RECOMMENDER - Complete
2026-04-26 23:02:54,869 | __main__ | INFO | ======================================================================
2026-04-26 23:02:54,869 | __main__ | INFO | AGENTIC MUSIC RECOMMENDER - Starting
2026-04-26 23:02:54,869 | __main__ | INFO | ======================================================================
2026-04-26 23:02:54,870 | src.recommender | INFO | ✓ Loaded 18 songs from data/songs.csv
2026-04-26 23:02:54,870 | src.agent | INFO | PreferenceExtractor initialized with mode: rules
2026-04-26 23:02:54,870 | src.agent | INFO | ConversationManager initialized with mode: rules
2026-04-26 23:03:08,462 | src.agent | INFO | Turn 1: Starting extraction | Input: idk give me music...
2026-04-26 23:03:08,464 | src.agent | WARNING | Turn 1: Rules extraction failed | Error: No preferences could be extracted from the message
2026-04-26 23:03:08,465 | src.agent | INFO | Turn 1: Accumulated profile state: genre=None, mood=None, energy=None
2026-04-26 23:03:23,400 | __main__ | INFO | User requested recommendations to be generated
2026-04-26 23:03:23,401 | __main__ | INFO | Final inferred profile: {'genre': 'pop', 'mood': 'happy', 'energy': 0.5, 'likes_acoustic': False} | Confidence: {'genre_confidence': 0.0, 'mood_confidence': 0.0, 'energy_confidence': 0.0, 'acoustic_confidence': 0.0}
2026-04-26 23:03:23,402 | src.recommender | INFO | Generated 5 recommendations using preferences: {'genre': 'pop', 'mood': 'happy', 'energy': 0.5, 'likes_acoustic': False}
2026-04-26 23:03:23,404 | __main__ | INFO | AGENTIC MUSIC RECOMMENDER - Complete
